================================================================================
              FLUTTER MOVIE-CLEAN PROJECT - TESTING SUMMARY
================================================================================
Date: 2025-12-09
Project: movie_clean (Netflix Clone - Flutter)
Tester: QA Engineer (Flutter Specialist)
Status: TESTING COMPLETE - ISSUES DOCUMENTED

================================================================================
EXECUTIVE SUMMARY
================================================================================

UI Fixes Implementation: PARTIALLY SUCCESSFUL

NEW FILES CREATED:
✓ /lib/src/core/theme/spacing_tokens.dart         - FULLY INTEGRATED
✓ /lib/src/core/l10n/app_localizations.dart       - CREATED, NOT INTEGRATED

BUILD STATUS:
✓ APK Build:         SUCCESS (25.5 seconds)
✓ Dependencies:      All resolved
✓ Compilation:       No critical errors
✗ Widget Tests:      FAILED (1/1 tests broken)
✗ Static Analysis:   18 issues found

================================================================================
KEY RESULTS
================================================================================

SPACING_TOKENS.DART
  Status:   ✓ PRODUCTION READY
  Location: /lib/src/core/theme/spacing_tokens.dart
  Usage:    Used in 11+ locations (app_theme.dart, search_page.dart)
  Quality:  Clean, well-structured code
  Tests:    No test coverage (recommendation: add tests)

APP_LOCALIZATIONS.DART
  Status:   ✓ FILE CREATED, ✗ NOT INTEGRATED
  Location: /lib/src/core/l10n/app_localizations.dart
  Features: 30+ Vietnamese/English translation strings
  Quality:  Well-structured, proper LocalizationsDelegate pattern
  Issue:    Not wired to MaterialApp - strings inaccessible
  Action:   REQUIRED: Add config to lib/main.dart

BUILD RESULTS
  APK Build:          ✓ SUCCESS
  Build Time:         25.5 seconds
  Gradle Task:        assembleDebug successful
  Output:             /build/app/outputs/flutter-apk/app-debug.apk

STATIC ANALYSIS
  Total Issues:       18
  - Errors:          1 (widget test fixture)
  - Warnings:        2 (serialization)
  - Info/Deprecation: 15 (non-blocking)
  
TESTS
  Total:             1 test
  Passed:            0
  Failed:            1
  Error:             MyApp class not found (stale test fixture)
  
FLUTTER ANALYZE
  ✓ Command completed (with warnings)
  ✗ 1 error blocking test execution
  • 2 warnings about code quality
  • 15 info/deprecation notices

================================================================================
CRITICAL ISSUES (MUST FIX)
================================================================================

ISSUE #1: Widget Test Broken
  File:      /test/widget_test.dart:16
  Problem:   Test uses MyApp class, but app defines MovieApp class
  Error:     "Couldn't find constructor 'MyApp'"
  Impact:    Tests cannot run, CI/CD blocked
  Fix Time:  5 minutes
  Action:    Update test to use MovieApp with ProviderScope

ISSUE #2: AppLocalizations Not Wired
  File:      /lib/main.dart
  Problem:   localizationsDelegates not added to MaterialApp
  Impact:    Localization strings not accessible, feature incomplete
  Fix Time:  10 minutes
  Action:    Add localizationsDelegates and supportedLocales config

================================================================================
MEDIUM PRIORITY ISSUES
================================================================================

ISSUE #3: useMaterial3 Deprecated (app_theme.dart:156)
  Impact:    Future compatibility, should use ThemeData constructor
  Fix Time:  10 minutes

ISSUE #4: Invalid JsonKey Annotations (movie_model.dart:15,17,21)
  Impact:    JSON serialization warning, potential runtime issues
  Fix Time:  15 minutes
  
ISSUE #5: Unnecessary Cast (movie_remote_data_source.dart:68)
  Impact:    Code quality, minor performance penalty
  Fix Time:  5 minutes

================================================================================
LOW PRIORITY ISSUES
================================================================================

ISSUE #6: Deprecated withOpacity (movie_card.dart:24)
  Impact:    Color precision loss, low priority
  Fix Time:  5 minutes

ISSUE #7: Unnecessary Underscores (8 occurrences in 4 files)
  Impact:    Code style/maintainability only
  Fix Time:  15 minutes

ISSUE #8: Unused Generated Code (movie_model.g.dart:10)
  Impact:    Auto-generated artifact, non-blocking
  Fix Time:  2 minutes

================================================================================
TEST RESULTS DETAIL
================================================================================

STATIC ANALYSIS OUTPUT:
  18 issues found. (ran in 3.1s)
  
  Error:
    - test/widget_test.dart:16 - creation_with_non_type
      "The name 'MyApp' isn't a class"
  
  Warnings (2):
    - lib/src/data/models/movie_model.dart:15 - invalid_annotation_target
    - lib/src/data/models/movie_model.dart:17 - invalid_annotation_target
    - lib/src/data/models/movie_model.dart:21 - invalid_annotation_target
    - lib/src/data/datasources/movie_remote_data_source.dart:68 - unnecessary_cast

BUILD TEST OUTPUT:
  Running Gradle task 'assembleDebug'...
  ✓ Built build/app/outputs/flutter-apk/app-debug.apk
  Build Time: 25.5 seconds
  Status: PASSED

UNIT/WIDGET TEST OUTPUT:
  Total: 1 test
  Failed: 1
  Error: test/widget_test.dart:16:35
  Message: "Couldn't find constructor 'MyApp'"
  Status: FAILED

================================================================================
FILES INTEGRATED CHECK
================================================================================

✓ spacing_tokens.dart
  - Location: lib/src/core/theme/spacing_tokens.dart
  - File exists: YES
  - Imports correct: YES (11 uses found)
  - Compiles: YES
  - Usage: app_theme.dart, search_page.dart
  - Ready: YES

✓ app_localizations.dart  
  - Location: lib/src/core/l10n/app_localizations.dart
  - File exists: YES
  - Syntax valid: YES
  - Classes defined: AppLocalizations, _AppLocalizationsDelegate
  - Localizations: 30+ strings (EN/VI)
  - Integrated to app: NO (configuration missing)
  - Ready: PARTIAL (needs main.dart config)

================================================================================
FLUTTER ENVIRONMENT
================================================================================

Flutter:        3.38.4 (stable)
Dart:           3.10.3
DevTools:       2.51.1
OS:             Ubuntu 24.04.3 LTS (6.14.0-36-generic)
Android SDK:    version 36.1.0
Emulator:       version 36.3.10.0
Connected:      3 devices (Android, Linux, Chrome)

================================================================================
RECOMMENDATIONS (PRIORITY ORDER)
================================================================================

IMMEDIATE (Before Merge):
  [ ] Fix widget test (5 min) - CRITICAL
  [ ] Wire AppLocalizations to main.dart (10 min) - HIGH
  [ ] Verify tests pass (5 min)
  [ ] Re-run flutter analyze (3 min)
  Total: 23 minutes

NEXT SPRINT:
  [ ] Add unit tests for spacing_tokens.dart (30 min)
  [ ] Add unit tests for app_localizations.dart (45 min)
  [ ] Fix deprecated useMaterial3 (10 min)
  [ ] Fix JsonKey annotations (15 min)
  [ ] Replace deprecated withOpacity (5 min)
  Total: 1 hour 45 minutes

CODE QUALITY:
  [ ] Remove unnecessary underscores (15 min)
  [ ] Remove unnecessary cast (5 min)
  [ ] Regenerate and clean up auto-generated code (2 min)
  Total: 22 minutes

TOTAL TIME TO FULL COMPLETION: ~3 hours

================================================================================
NEXT STEPS
================================================================================

1. Read detailed test reports:
   - /plans/reports/tester-251209-ui-fixes-integration.md (full report)
   - /plans/reports/tester-251209-ui-fixes-issues-and-fixes.md (fixes guide)

2. Apply critical fixes (15 minutes):
   - Update test/widget_test.dart
   - Update lib/main.dart with localization config

3. Verify fixes:
   - Run: flutter analyze
   - Run: flutter test
   - Run: flutter build apk --debug

4. Add test coverage for new files

5. Submit for code review

================================================================================
REPORT FILES LOCATION
================================================================================

Main Report:  /home/dungne1/workspaces/movie_clean/plans/reports/
              └── tester-251209-ui-fixes-integration.md (comprehensive)
              └── tester-251209-ui-fixes-issues-and-fixes.md (fixes guide)
              └── TESTING-SUMMARY.txt (this file)

================================================================================
CONCLUSION
================================================================================

Status: TESTING COMPLETE - READY FOR DEVELOPER FIXES

Strengths:
  ✓ APK builds successfully
  ✓ spacing_tokens fully integrated and functional
  ✓ app_localizations properly structured
  ✓ No blocking compilation errors
  ✓ Code organization clean

Issues:
  ✗ Widget test broken (stale fixture)
  ✗ AppLocalizations not wired to app
  ✗ 18 static analysis issues (mostly non-blocking)
  ✗ Zero test coverage for new files

Recommendation: PROCEED TO DEVELOPER FIXES
  - 2 critical issues must be fixed before merge
  - Estimated 15 minutes for critical fixes
  - Additional 1-2 hours recommended for full implementation + testing

================================================================================
Generated: 2025-12-09
Tester: QA Engineer (Flutter Specialist)
================================================================================
